<?xml version="1.0" encoding="UTF-8" ?>
<testsuite tests="5" failures="0" name="MyTest" time="0.335" errors="0" skipped="0">
  <properties>
[...]
</properties>
  <testcase classname="MyTest" name="addCourse" time="0.021"/>
  <testcase classname="MyTest" name="getCourseByIdTest" time="0"/>
  <testcase classname="MyTest" name="getComputerCourseByNameTest" time="0"/>
  <testcase classname="MyTest" name="getAllSchoolCourse" time="0.314"/>
  <testcase classname="MyTest" name="addCourseHoursByIdTest" time="0"/>
</testsuite>